Carregando pacotes exigidos: xml2
-- Attaching packages --------------------------------------- tidyverse 1.3.0 --
v ggplot2 3.3.2     v purrr   0.3.4
v tibble  3.0.4     v dplyr   1.0.4
v tidyr   1.1.2     v stringr 1.4.0
v readr   1.4.0     v forcats 0.5.0
-- Conflicts ------------------------------------------ tidyverse_conflicts() --
x dplyr::filter()         masks stats::filter()
x readr::guess_encoding() masks rvest::guess_encoding()
x dplyr::lag()            masks stats::lag()
x purrr::pluck()          masks rvest::pluck()

Attaching package: 'git2r'

The following object is masked from 'package:dplyr':

    pull

The following objects are masked from 'package:purrr':

    is_empty, when

{html_document}
<html lang="pt-br">
[1] <head>\n<meta charset="utf-8">\n<meta http-equiv="Content-Type" content=" ...
[2] <body>    <span class="uol-notifications-widget" style="display:none;" da ...
fatal: not a git repository (or any of the parent directories): .git
fatal: not a git repository (or any of the parent directories): .git
fatal: not a git repository (or any of the parent directories): .git
fatal: not a git repository (or any of the parent directories): .git
Warning messages:
1: In shell(cmd) :
  execução de 'c: & cd C:/WINDOWS/system32 & git status' falhou com código de erro 128
2: In shell(cmd) :
  execução de 'c: & cd C:/WINDOWS/system32 & git add --all' falhou com código de erro 128
3: In shell(cmd) :
  execução de 'c: & cd C:/WINDOWS/system32 & git push' falhou com código de erro 128
Carregando pacotes exigidos: xml2
-- Attaching packages --------------------------------------- tidyverse 1.3.0 --
v ggplot2 3.3.2     v purrr   0.3.4
v tibble  3.0.4     v dplyr   1.0.4
v tidyr   1.1.2     v stringr 1.4.0
v readr   1.4.0     v forcats 0.5.0
-- Conflicts ------------------------------------------ tidyverse_conflicts() --
x dplyr::filter()         masks stats::filter()
x readr::guess_encoding() masks rvest::guess_encoding()
x dplyr::lag()            masks stats::lag()
x purrr::pluck()          masks rvest::pluck()

Attaching package: 'git2r'

The following object is masked from 'package:dplyr':

    pull

The following objects are masked from 'package:purrr':

    is_empty, when

{html_document}
<html lang="pt-br">
[1] <head>\n<meta charset="utf-8">\n<meta http-equiv="Content-Type" content=" ...
[2] <body>    <span class="uol-notifications-widget" style="display:none;" da ...
On branch master
Your branch is up to date with 'origin/master'.

Changes not staged for commit:
  (use "git add/rm <file>..." to update what will be committed)
  (use "git restore <file>..." to discard changes in working directory)
	deleted:    data/base_tabelaDeJogos.txt
	deleted:    src/atualiza_git.R
	deleted:    src/pega_bases.R

Untracked files:
  (use "git add <file>..." to include in what will be committed)
	atualiza_git.R
	base_tabelaDeJogos.txt
	pega_bases.R
	pega_bases.log

no changes added to commit (use "git add" and/or "git commit -a")
warning: LF will be replaced by CRLF in pega_bases.log.
The file will have its original line endings in your working directory
fatal: not a git repository (or any of the parent directories): .git
Everything up-to-date
